Apr 04, 2025 3:20:23 PM chatserver.DatabaseManager initializeDatabase
INFO: Database ???c kh?i t?o thành công
Apr 04, 2025 3:20:23 PM chatserver.DatabaseManager connect
INFO: K?t n?i ??n database thành công!
Apr 04, 2025 3:21:37 PM chatserver.DatabaseManager exportDataToTextFileByPort
INFO: D? li?u ?ã ???c xu?t ra C:\Users\Terrykote\Desktop\chat_port_12345_20250404_152118.txt
Apr 04, 2025 3:23:42 PM chatserver.DatabaseManager disconnect
INFO: ?ã ?óng k?t n?i database!
Apr 04, 2025 3:23:42 PM chatserver.DatabaseManager logConnection
SEVERE: L?i khi ghi log k?t n?i
java.sql.SQLException: The database has been closed
	at org.sqlite.core.NativeDB.throwex(NativeDB.java:503)
	at org.sqlite.core.NativeDB.prepare_utf8(Native Method)
	at org.sqlite.core.NativeDB.prepare(NativeDB.java:135)
	at org.sqlite.core.DB.prepare(DB.java:264)
	at org.sqlite.core.CorePreparedStatement.<init>(CorePreparedStatement.java:46)
	at org.sqlite.jdbc3.JDBC3PreparedStatement.<init>(JDBC3PreparedStatement.java:32)
	at org.sqlite.jdbc4.JDBC4PreparedStatement.<init>(JDBC4PreparedStatement.java:25)
	at org.sqlite.jdbc4.JDBC4Connection.prepareStatement(JDBC4Connection.java:34)
	at org.sqlite.jdbc3.JDBC3Connection.prepareStatement(JDBC3Connection.java:225)
	at org.sqlite.jdbc3.JDBC3Connection.prepareStatement(JDBC3Connection.java:205)
	at chatserver.DatabaseManager.logConnection(DatabaseManager.java:194)
	at chatserver.ClientHandler.run(ClientHandler.java:73)
	at java.lang.Thread.run(Unknown Source)

Apr 04, 2025 3:23:42 PM chatserver.ChatServer stop
INFO: Server ?ã d?ng trên port 12345
Apr 04, 2025 3:23:42 PM chatserver.DatabaseManager saveMessage
SEVERE: L?i khi l?u tin nh?n
java.sql.SQLException: database connection closed
	at org.sqlite.SQLiteConnection.checkOpen(SQLiteConnection.java:429)
	at org.sqlite.jdbc4.JDBC4Connection.prepareStatement(JDBC4Connection.java:31)
	at org.sqlite.jdbc3.JDBC3Connection.prepareStatement(JDBC3Connection.java:225)
	at org.sqlite.jdbc3.JDBC3Connection.prepareStatement(JDBC3Connection.java:205)
	at chatserver.DatabaseManager.saveMessage(DatabaseManager.java:175)
	at chatserver.ChatServer.broadcastMessage(ChatServer.java:166)
	at chatserver.ClientHandler.run(ClientHandler.java:75)
	at java.lang.Thread.run(Unknown Source)

Apr 06, 2025 4:13:21 PM chatserver.DatabaseManager initializeDatabase
INFO: Database ???c kh?i t?o thành công
Apr 06, 2025 4:13:21 PM chatserver.DatabaseManager connect
INFO: K?t n?i ??n database thành công!
Apr 06, 2025 4:13:46 PM chatserver.DatabaseManager exportDataToTextFileByPort
INFO: D? li?u ?ã ???c xu?t ra C:\Users\Terrykote\Desktop\52300262_PhamHoaiThuong\1.database\chat_port_12345_20250406_161344.txt
Apr 06, 2025 4:13:50 PM chatserver.DatabaseManager exportDataToTextFileByPort
INFO: D? li?u ?ã ???c xu?t ra C:\Users\Terrykote\Desktop\chat_port_12345_20250406_161348.txt
Apr 06, 2025 4:14:10 PM chatserver.DatabaseManager disconnect
INFO: ?ã ?óng k?t n?i database!
Apr 06, 2025 4:14:10 PM chatserver.ChatServer stop
INFO: Server ?ã d?ng trên port 12345
Apr 06, 2025 4:14:10 PM chatserver.DatabaseManager logConnection
SEVERE: L?i khi ghi log k?t n?i
java.sql.SQLException: The database has been closed
	at org.sqlite.core.NativeDB.throwex(NativeDB.java:503)
	at org.sqlite.core.NativeDB.prepare_utf8(Native Method)
	at org.sqlite.core.NativeDB.prepare(NativeDB.java:135)
	at org.sqlite.core.DB.prepare(DB.java:264)
	at org.sqlite.core.CorePreparedStatement.<init>(CorePreparedStatement.java:46)
	at org.sqlite.jdbc3.JDBC3PreparedStatement.<init>(JDBC3PreparedStatement.java:32)
	at org.sqlite.jdbc4.JDBC4PreparedStatement.<init>(JDBC4PreparedStatement.java:25)
	at org.sqlite.jdbc4.JDBC4Connection.prepareStatement(JDBC4Connection.java:34)
	at org.sqlite.jdbc3.JDBC3Connection.prepareStatement(JDBC3Connection.java:225)
	at org.sqlite.jdbc3.JDBC3Connection.prepareStatement(JDBC3Connection.java:205)
	at chatserver.DatabaseManager.logConnection(DatabaseManager.java:194)
	at chatserver.ClientHandler.run(ClientHandler.java:73)
	at java.lang.Thread.run(Unknown Source)

Apr 06, 2025 4:14:10 PM chatserver.DatabaseManager saveMessage
SEVERE: L?i khi l?u tin nh?n
java.sql.SQLException: database connection closed
	at org.sqlite.SQLiteConnection.checkOpen(SQLiteConnection.java:429)
	at org.sqlite.jdbc4.JDBC4Connection.prepareStatement(JDBC4Connection.java:31)
	at org.sqlite.jdbc3.JDBC3Connection.prepareStatement(JDBC3Connection.java:225)
	at org.sqlite.jdbc3.JDBC3Connection.prepareStatement(JDBC3Connection.java:205)
	at chatserver.DatabaseManager.saveMessage(DatabaseManager.java:175)
	at chatserver.ChatServer.broadcastMessage(ChatServer.java:166)
	at chatserver.ClientHandler.run(ClientHandler.java:75)
	at java.lang.Thread.run(Unknown Source)

Apr 06, 2025 4:14:10 PM chatserver.DatabaseManager logConnection
SEVERE: L?i khi ghi log k?t n?i
java.sql.SQLException: stmt pointer is closed
	at org.sqlite.core.SafeStmtPtr.ensureOpen(SafeStmtPtr.java:148)
	at org.sqlite.core.SafeStmtPtr.safeRunInt(SafeStmtPtr.java:83)
	at org.sqlite.core.CorePreparedStatement.<init>(CorePreparedStatement.java:48)
	at org.sqlite.jdbc3.JDBC3PreparedStatement.<init>(JDBC3PreparedStatement.java:32)
	at org.sqlite.jdbc4.JDBC4PreparedStatement.<init>(JDBC4PreparedStatement.java:25)
	at org.sqlite.jdbc4.JDBC4Connection.prepareStatement(JDBC4Connection.java:34)
	at org.sqlite.jdbc3.JDBC3Connection.prepareStatement(JDBC3Connection.java:225)
	at org.sqlite.jdbc3.JDBC3Connection.prepareStatement(JDBC3Connection.java:205)
	at chatserver.DatabaseManager.logConnection(DatabaseManager.java:194)
	at chatserver.ClientHandler.run(ClientHandler.java:73)
	at java.lang.Thread.run(Unknown Source)

