Apr 04, 2025 11:37:00 AM chatclient.ChatClientGUI connectToServer
INFO: Đã kết nối đến server localhost port 12345
Apr 04, 2025 11:37:14 AM chatclient.ChatClientGUI$7 run
INFO: Server đã đóng kết nối
Apr 04, 2025 11:37:14 AM chatclient.ChatClientGUI$7 run
INFO: Server đã đóng kết nối
Apr 06, 2025 5:43:51 PM chatclient.ChatClientGUI connectToServer
INFO: Đã kết nối đến server localhost port 12345
Apr 06, 2025 5:43:52 PM chatclient.ChatClientGUI connectToServer
INFO: Đã kết nối đến server localhost port 12345
Apr 06, 2025 5:43:53 PM chatclient.ChatClientGUI connectToServer
INFO: Đã kết nối đến server localhost port 12345
Apr 06, 2025 5:44:00 PM chatclient.ChatClientGUI disconnectFromServer
INFO: Đã ngắt kết nối từ server localhost port 12345
Apr 06, 2025 5:44:04 PM chatclient.ChatClient connect
SEVERE: Không thể kết nối đến server
java.net.ConnectException: Connection refused: connect
	at java.net.DualStackPlainSocketImpl.connect0(Native Method)
	at java.net.DualStackPlainSocketImpl.socketConnect(DualStackPlainSocketImpl.java:79)
	at java.net.AbstractPlainSocketImpl.doConnect(AbstractPlainSocketImpl.java:345)
	at java.net.AbstractPlainSocketImpl.connectToAddress(AbstractPlainSocketImpl.java:206)
	at java.net.AbstractPlainSocketImpl.connect(AbstractPlainSocketImpl.java:188)
	at java.net.PlainSocketImpl.connect(PlainSocketImpl.java:172)
	at java.net.SocksSocketImpl.connect(SocksSocketImpl.java:392)
	at java.net.Socket.connect(Socket.java:589)
	at java.net.Socket.connect(Socket.java:538)
	at java.net.Socket.<init>(Socket.java:434)
	at java.net.Socket.<init>(Socket.java:211)
	at chatclient.ChatClient.connect(ChatClient.java:23)
	at chatclient.ChatClientGUI.connectToServer(ChatClientGUI.java:179)
	at chatclient.ChatClientGUI.access$000(ChatClientGUI.java:10)
	at chatclient.ChatClientGUI$1.actionPerformed(ChatClientGUI.java:122)
	at javax.swing.AbstractButton.fireActionPerformed(AbstractButton.java:2022)
	at javax.swing.AbstractButton$Handler.actionPerformed(AbstractButton.java:2346)
	at javax.swing.DefaultButtonModel.fireActionPerformed(DefaultButtonModel.java:402)
	at javax.swing.DefaultButtonModel.setPressed(DefaultButtonModel.java:259)
	at javax.swing.plaf.basic.BasicButtonListener.mouseReleased(BasicButtonListener.java:252)
	at java.awt.Component.processMouseEvent(Component.java:6525)
	at javax.swing.JComponent.processMouseEvent(JComponent.java:3324)
	at java.awt.Component.processEvent(Component.java:6290)
	at java.awt.Container.processEvent(Container.java:2234)
	at java.awt.Component.dispatchEventImpl(Component.java:4881)
	at java.awt.Container.dispatchEventImpl(Container.java:2292)
	at java.awt.Component.dispatchEvent(Component.java:4703)
	at java.awt.LightweightDispatcher.retargetMouseEvent(Container.java:4898)
	at java.awt.LightweightDispatcher.processMouseEvent(Container.java:4533)
	at java.awt.LightweightDispatcher.dispatchEvent(Container.java:4462)
	at java.awt.Container.dispatchEventImpl(Container.java:2278)
	at java.awt.Window.dispatchEventImpl(Window.java:2750)
	at java.awt.Component.dispatchEvent(Component.java:4703)
	at java.awt.EventQueue.dispatchEventImpl(EventQueue.java:758)
	at java.awt.EventQueue.access$500(EventQueue.java:97)
	at java.awt.EventQueue$3.run(EventQueue.java:709)
	at java.awt.EventQueue$3.run(EventQueue.java:703)
	at java.security.AccessController.doPrivileged(Native Method)
	at java.security.ProtectionDomain$1.doIntersectionPrivilege(ProtectionDomain.java:75)
	at java.security.ProtectionDomain$1.doIntersectionPrivilege(ProtectionDomain.java:86)
	at java.awt.EventQueue$4.run(EventQueue.java:731)
	at java.awt.EventQueue$4.run(EventQueue.java:729)
	at java.security.AccessController.doPrivileged(Native Method)
	at java.security.ProtectionDomain$1.doIntersectionPrivilege(ProtectionDomain.java:75)
	at java.awt.EventQueue.dispatchEvent(EventQueue.java:728)
	at java.awt.EventDispatchThread.pumpOneEventForFilters(EventDispatchThread.java:201)
	at java.awt.EventDispatchThread.pumpEventsForFilter(EventDispatchThread.java:116)
	at java.awt.EventDispatchThread.pumpEventsForHierarchy(EventDispatchThread.java:105)
	at java.awt.EventDispatchThread.pumpEvents(EventDispatchThread.java:101)
	at java.awt.EventDispatchThread.pumpEvents(EventDispatchThread.java:93)
	at java.awt.EventDispatchThread.run(EventDispatchThread.java:82)

Apr 06, 2025 5:44:08 PM chatclient.ChatClientGUI$7 run
INFO: Server đã đóng kết nối
Apr 06, 2025 5:44:08 PM chatclient.ChatClientGUI$7 run
INFO: Server đã đóng kết nối
Apr 06, 2025 5:44:19 PM chatclient.ChatClientGUI connectToServer
INFO: Đã kết nối đến server localhost port 1233
Apr 06, 2025 5:44:30 PM chatclient.ChatClientGUI connectToServer
INFO: Đã kết nối đến server localhost port 1233
Apr 06, 2025 5:44:41 PM chatclient.ChatClientGUI connectToServer
INFO: Đã kết nối đến server localhost port 1233
Apr 06, 2025 5:46:25 PM chatclient.ChatClientGUI connectToServer
INFO: Đã kết nối đến server localhost port 12345
Apr 06, 2025 5:46:44 PM chatclient.ChatClientGUI disconnectFromServer
INFO: Đã ngắt kết nối từ server localhost port 12345
Apr 06, 2025 5:46:45 PM chatclient.ChatClientGUI disconnectFromServer
INFO: Đã ngắt kết nối từ server localhost port 12345
